[2018-12-10 21:17:37.561] [exthost1] [info] extension host started
[2018-12-10 21:17:38.190] [exthost1] [info] extension host started
[2018-12-10 21:17:38.224] [exthost1] [info] ExtensionService#_doActivateExtension vscode.debug-auto-launch {"startup":true,"activationEvent":"*"}
[2018-12-10 21:17:38.224] [exthost1] [info] ExtensionService#loadCommonJSModule c:\Users\HoBa\.codemix\engine\resources\app\extensions\debug-auto-launch\out\extension
[2018-12-10 21:17:38.238] [exthost1] [info] ExtensionService#_doActivateExtension vscode.emmet {"startup":true,"activationEvent":"*"}
[2018-12-10 21:17:38.238] [exthost1] [info] ExtensionService#loadCommonJSModule c:\Users\HoBa\.codemix\engine\resources\app\extensions\emmet\dist\extension
[2018-12-10 21:17:38.326] [exthost1] [info] ExtensionService#_doActivateExtension vscode.merge-conflict {"startup":true,"activationEvent":"*"}
[2018-12-10 21:17:38.326] [exthost1] [info] ExtensionService#loadCommonJSModule c:\Users\HoBa\.codemix\engine\resources\app\extensions\merge-conflict\out\extension
[2018-12-10 21:17:38.364] [exthost1] [info] ExtensionService#_doActivateExtension vscode.search-rg {"startup":true,"activationEvent":"*"}
[2018-12-10 21:17:38.364] [exthost1] [info] ExtensionService#loadCommonJSModule c:\Users\HoBa\.codemix\engine\resources\app\extensions\search-rg\out\extension
[2018-12-10 21:17:38.387] [exthost1] [info] eager extensions activated
[2018-12-10 21:17:38.387] [exthost1] [info] ExtensionService#_doActivateExtension vscode.configuration-editing {"startup":false,"activationEvent":"onLanguage:jsonc"}
[2018-12-10 21:17:38.387] [exthost1] [info] ExtensionService#loadCommonJSModule c:\Users\HoBa\.codemix\engine\resources\app\extensions\configuration-editing\out\extension
[2018-12-10 21:17:38.458] [exthost1] [info] ExtensionService#_doActivateExtension vscode.json-language-features {"startup":false,"activationEvent":"onLanguage:jsonc"}
[2018-12-10 21:17:38.458] [exthost1] [info] ExtensionService#loadCommonJSModule c:\Users\HoBa\.codemix\engine\resources\app\extensions\json-language-features\client\dist\jsonMain
[2018-12-10 21:17:40.085] [exthost1] [info] ExtensionService#_doActivateExtension vscode.typescript-language-features {"startup":false,"activationEvent":"onLanguage:jsonc"}
[2018-12-10 21:17:40.085] [exthost1] [info] ExtensionService#loadCommonJSModule c:\Users\HoBa\.codemix\engine\resources\app\extensions\typescript-language-features\dist\extension
[2018-12-10 21:17:41.152] [exthost1] [info] ExtensionService#_doActivateExtension vscode.grunt {"startup":false,"activationEvent":"onCommand:workbench.action.tasks.runTask"}
[2018-12-10 21:17:41.152] [exthost1] [info] ExtensionService#loadCommonJSModule c:\Users\HoBa\.codemix\engine\resources\app\extensions\grunt\out\main
[2018-12-10 21:17:41.181] [exthost1] [info] ExtensionService#_doActivateExtension vscode.gulp {"startup":false,"activationEvent":"onCommand:workbench.action.tasks.runTask"}
[2018-12-10 21:17:41.181] [exthost1] [info] ExtensionService#loadCommonJSModule c:\Users\HoBa\.codemix\engine\resources\app\extensions\gulp\out\main
[2018-12-10 21:17:41.234] [exthost1] [info] ExtensionService#_doActivateExtension vscode.jake {"startup":false,"activationEvent":"onCommand:workbench.action.tasks.runTask"}
[2018-12-10 21:17:41.234] [exthost1] [info] ExtensionService#loadCommonJSModule c:\Users\HoBa\.codemix\engine\resources\app\extensions\jake\out\main
[2018-12-10 21:17:41.304] [exthost1] [info] ExtensionService#_doActivateExtension vscode.npm {"startup":false,"activationEvent":"onCommand:workbench.action.tasks.runTask"}
[2018-12-10 21:17:41.304] [exthost1] [info] ExtensionService#loadCommonJSModule c:\Users\HoBa\.codemix\engine\resources\app\extensions\npm\out\main
[2018-12-10 21:17:43.432] [exthost1] [info] extension host started
[2018-12-10 21:17:43.497] [exthost1] [info] ExtensionService#_doActivateExtension vscode.debug-auto-launch {"startup":true,"activationEvent":"*"}
[2018-12-10 21:17:43.497] [exthost1] [info] ExtensionService#loadCommonJSModule c:\Users\HoBa\.codemix\engine\resources\app\extensions\debug-auto-launch\out\extension
[2018-12-10 21:17:43.512] [exthost1] [info] ExtensionService#_doActivateExtension vscode.emmet {"startup":true,"activationEvent":"*"}
[2018-12-10 21:17:43.512] [exthost1] [info] ExtensionService#loadCommonJSModule c:\Users\HoBa\.codemix\engine\resources\app\extensions\emmet\dist\extension
[2018-12-10 21:17:43.587] [exthost1] [info] ExtensionService#_doActivateExtension vscode.merge-conflict {"startup":true,"activationEvent":"*"}
[2018-12-10 21:17:43.587] [exthost1] [info] ExtensionService#loadCommonJSModule c:\Users\HoBa\.codemix\engine\resources\app\extensions\merge-conflict\out\extension
[2018-12-10 21:17:43.624] [exthost1] [info] ExtensionService#_doActivateExtension vscode.search-rg {"startup":true,"activationEvent":"*"}
[2018-12-10 21:17:43.624] [exthost1] [info] ExtensionService#loadCommonJSModule c:\Users\HoBa\.codemix\engine\resources\app\extensions\search-rg\out\extension
[2018-12-10 21:17:43.638] [exthost1] [info] eager extensions activated
[2018-12-10 21:17:43.638] [exthost1] [info] ExtensionService#_doActivateExtension vscode.configuration-editing {"startup":false,"activationEvent":"onLanguage:jsonc"}
[2018-12-10 21:17:43.638] [exthost1] [info] ExtensionService#loadCommonJSModule c:\Users\HoBa\.codemix\engine\resources\app\extensions\configuration-editing\out\extension
[2018-12-10 21:17:43.659] [exthost1] [info] ExtensionService#_doActivateExtension vscode.json-language-features {"startup":false,"activationEvent":"onLanguage:jsonc"}
[2018-12-10 21:17:43.659] [exthost1] [info] ExtensionService#loadCommonJSModule c:\Users\HoBa\.codemix\engine\resources\app\extensions\json-language-features\client\dist\jsonMain
[2018-12-10 21:17:43.888] [exthost1] [info] ExtensionService#_doActivateExtension vscode.typescript-language-features {"startup":false,"activationEvent":"onLanguage:jsonc"}
[2018-12-10 21:17:43.888] [exthost1] [info] ExtensionService#loadCommonJSModule c:\Users\HoBa\.codemix\engine\resources\app\extensions\typescript-language-features\dist\extension
[2018-12-10 21:17:44.111] [exthost1] [info] ExtensionService#_doActivateExtension vscode.grunt {"startup":false,"activationEvent":"onCommand:workbench.action.tasks.runTask"}
[2018-12-10 21:17:44.111] [exthost1] [info] ExtensionService#loadCommonJSModule c:\Users\HoBa\.codemix\engine\resources\app\extensions\grunt\out\main
[2018-12-10 21:17:44.126] [exthost1] [info] ExtensionService#_doActivateExtension vscode.gulp {"startup":false,"activationEvent":"onCommand:workbench.action.tasks.runTask"}
[2018-12-10 21:17:44.126] [exthost1] [info] ExtensionService#loadCommonJSModule c:\Users\HoBa\.codemix\engine\resources\app\extensions\gulp\out\main
[2018-12-10 21:17:44.142] [exthost1] [info] ExtensionService#_doActivateExtension vscode.jake {"startup":false,"activationEvent":"onCommand:workbench.action.tasks.runTask"}
[2018-12-10 21:17:44.142] [exthost1] [info] ExtensionService#loadCommonJSModule c:\Users\HoBa\.codemix\engine\resources\app\extensions\jake\out\main
[2018-12-10 21:17:44.151] [exthost1] [info] ExtensionService#_doActivateExtension vscode.npm {"startup":false,"activationEvent":"onCommand:workbench.action.tasks.runTask"}
[2018-12-10 21:17:44.151] [exthost1] [info] ExtensionService#loadCommonJSModule c:\Users\HoBa\.codemix\engine\resources\app\extensions\npm\out\main
