[2018-12-03 21:02:37.575] [exthost1] [info] extension host started
[2018-12-03 21:02:39.016] [exthost1] [info] extension host started
[2018-12-03 21:02:39.058] [exthost1] [info] ExtensionService#_doActivateExtension vscode.debug-auto-launch {"startup":true,"activationEvent":"*"}
[2018-12-03 21:02:39.058] [exthost1] [info] ExtensionService#loadCommonJSModule c:\Users\HoBa\.codemix\engine\resources\app\extensions\debug-auto-launch\out\extension
[2018-12-03 21:02:39.075] [exthost1] [info] ExtensionService#_doActivateExtension vscode.emmet {"startup":true,"activationEvent":"*"}
[2018-12-03 21:02:39.075] [exthost1] [info] ExtensionService#loadCommonJSModule c:\Users\HoBa\.codemix\engine\resources\app\extensions\emmet\dist\extension
[2018-12-03 21:02:39.150] [exthost1] [info] ExtensionService#_doActivateExtension vscode.merge-conflict {"startup":true,"activationEvent":"*"}
[2018-12-03 21:02:39.150] [exthost1] [info] ExtensionService#loadCommonJSModule c:\Users\HoBa\.codemix\engine\resources\app\extensions\merge-conflict\out\extension
[2018-12-03 21:02:39.183] [exthost1] [info] ExtensionService#_doActivateExtension vscode.search-rg {"startup":true,"activationEvent":"*"}
[2018-12-03 21:02:39.183] [exthost1] [info] ExtensionService#loadCommonJSModule c:\Users\HoBa\.codemix\engine\resources\app\extensions\search-rg\out\extension
[2018-12-03 21:02:39.200] [exthost1] [info] eager extensions activated
[2018-12-03 21:02:39.200] [exthost1] [info] ExtensionService#_doActivateExtension vscode.configuration-editing {"startup":false,"activationEvent":"onLanguage:jsonc"}
[2018-12-03 21:02:39.200] [exthost1] [info] ExtensionService#loadCommonJSModule c:\Users\HoBa\.codemix\engine\resources\app\extensions\configuration-editing\out\extension
[2018-12-03 21:02:39.225] [exthost1] [info] ExtensionService#_doActivateExtension vscode.json-language-features {"startup":false,"activationEvent":"onLanguage:jsonc"}
[2018-12-03 21:02:39.225] [exthost1] [info] ExtensionService#loadCommonJSModule c:\Users\HoBa\.codemix\engine\resources\app\extensions\json-language-features\client\dist\jsonMain
[2018-12-03 21:02:39.482] [exthost1] [info] ExtensionService#_doActivateExtension vscode.typescript-language-features {"startup":false,"activationEvent":"onLanguage:jsonc"}
[2018-12-03 21:02:39.482] [exthost1] [info] ExtensionService#loadCommonJSModule c:\Users\HoBa\.codemix\engine\resources\app\extensions\typescript-language-features\dist\extension
[2018-12-03 21:02:39.684] [exthost1] [info] ExtensionService#_doActivateExtension vscode.grunt {"startup":false,"activationEvent":"onCommand:workbench.action.tasks.runTask"}
[2018-12-03 21:02:39.684] [exthost1] [info] ExtensionService#loadCommonJSModule c:\Users\HoBa\.codemix\engine\resources\app\extensions\grunt\out\main
[2018-12-03 21:02:39.695] [exthost1] [info] ExtensionService#_doActivateExtension vscode.gulp {"startup":false,"activationEvent":"onCommand:workbench.action.tasks.runTask"}
[2018-12-03 21:02:39.695] [exthost1] [info] ExtensionService#loadCommonJSModule c:\Users\HoBa\.codemix\engine\resources\app\extensions\gulp\out\main
[2018-12-03 21:02:39.703] [exthost1] [info] ExtensionService#_doActivateExtension vscode.jake {"startup":false,"activationEvent":"onCommand:workbench.action.tasks.runTask"}
[2018-12-03 21:02:39.703] [exthost1] [info] ExtensionService#loadCommonJSModule c:\Users\HoBa\.codemix\engine\resources\app\extensions\jake\out\main
[2018-12-03 21:02:39.718] [exthost1] [info] ExtensionService#_doActivateExtension vscode.npm {"startup":false,"activationEvent":"onCommand:workbench.action.tasks.runTask"}
[2018-12-03 21:02:39.718] [exthost1] [info] ExtensionService#loadCommonJSModule c:\Users\HoBa\.codemix\engine\resources\app\extensions\npm\out\main
