[2018-12-07 11:06:10.758] [exthost1] [info] extension host started
[2018-12-07 11:06:10.895] [exthost1] [info] ExtensionService#_doActivateExtension vscode.debug-auto-launch {"startup":true,"activationEvent":"*"}
[2018-12-07 11:06:10.895] [exthost1] [info] ExtensionService#loadCommonJSModule c:\Users\HoBa\.codemix\engine\resources\app\extensions\debug-auto-launch\out\extension
[2018-12-07 11:06:10.924] [exthost1] [info] ExtensionService#_doActivateExtension vscode.emmet {"startup":true,"activationEvent":"*"}
[2018-12-07 11:06:10.924] [exthost1] [info] ExtensionService#loadCommonJSModule c:\Users\HoBa\.codemix\engine\resources\app\extensions\emmet\dist\extension
[2018-12-07 11:06:11.055] [exthost1] [info] ExtensionService#_doActivateExtension vscode.merge-conflict {"startup":true,"activationEvent":"*"}
[2018-12-07 11:06:11.055] [exthost1] [info] ExtensionService#loadCommonJSModule c:\Users\HoBa\.codemix\engine\resources\app\extensions\merge-conflict\out\extension
[2018-12-07 11:06:11.110] [exthost1] [info] ExtensionService#_doActivateExtension vscode.search-rg {"startup":true,"activationEvent":"*"}
[2018-12-07 11:06:11.110] [exthost1] [info] ExtensionService#loadCommonJSModule c:\Users\HoBa\.codemix\engine\resources\app\extensions\search-rg\out\extension
[2018-12-07 11:06:11.130] [exthost1] [info] eager extensions activated
[2018-12-07 11:06:11.133] [exthost1] [info] ExtensionService#_doActivateExtension vscode.configuration-editing {"startup":false,"activationEvent":"onLanguage:jsonc"}
[2018-12-07 11:06:11.133] [exthost1] [info] ExtensionService#loadCommonJSModule c:\Users\HoBa\.codemix\engine\resources\app\extensions\configuration-editing\out\extension
[2018-12-07 11:06:11.162] [exthost1] [info] ExtensionService#_doActivateExtension vscode.json-language-features {"startup":false,"activationEvent":"onLanguage:jsonc"}
[2018-12-07 11:06:11.163] [exthost1] [info] ExtensionService#loadCommonJSModule c:\Users\HoBa\.codemix\engine\resources\app\extensions\json-language-features\client\dist\jsonMain
[2018-12-07 11:06:11.626] [exthost1] [info] ExtensionService#_doActivateExtension vscode.typescript-language-features {"startup":false,"activationEvent":"onLanguage:jsonc"}
[2018-12-07 11:06:11.626] [exthost1] [info] ExtensionService#loadCommonJSModule c:\Users\HoBa\.codemix\engine\resources\app\extensions\typescript-language-features\dist\extension
[2018-12-07 11:06:12.046] [exthost1] [info] ExtensionService#_doActivateExtension vscode.grunt {"startup":false,"activationEvent":"onCommand:workbench.action.tasks.runTask"}
[2018-12-07 11:06:12.046] [exthost1] [info] ExtensionService#loadCommonJSModule c:\Users\HoBa\.codemix\engine\resources\app\extensions\grunt\out\main
[2018-12-07 11:06:12.067] [exthost1] [info] ExtensionService#_doActivateExtension vscode.gulp {"startup":false,"activationEvent":"onCommand:workbench.action.tasks.runTask"}
[2018-12-07 11:06:12.067] [exthost1] [info] ExtensionService#loadCommonJSModule c:\Users\HoBa\.codemix\engine\resources\app\extensions\gulp\out\main
[2018-12-07 11:06:12.077] [exthost1] [info] ExtensionService#_doActivateExtension vscode.jake {"startup":false,"activationEvent":"onCommand:workbench.action.tasks.runTask"}
[2018-12-07 11:06:12.077] [exthost1] [info] ExtensionService#loadCommonJSModule c:\Users\HoBa\.codemix\engine\resources\app\extensions\jake\out\main
[2018-12-07 11:06:12.101] [exthost1] [info] ExtensionService#_doActivateExtension vscode.npm {"startup":false,"activationEvent":"onCommand:workbench.action.tasks.runTask"}
[2018-12-07 11:06:12.101] [exthost1] [info] ExtensionService#loadCommonJSModule c:\Users\HoBa\.codemix\engine\resources\app\extensions\npm\out\main
[2018-12-07 11:06:15.748] [exthost1] [info] extension host started
[2018-12-07 11:06:15.788] [exthost1] [info] ExtensionService#_doActivateExtension vscode.debug-auto-launch {"startup":true,"activationEvent":"*"}
[2018-12-07 11:06:15.788] [exthost1] [info] ExtensionService#loadCommonJSModule c:\Users\HoBa\.codemix\engine\resources\app\extensions\debug-auto-launch\out\extension
[2018-12-07 11:06:15.803] [exthost1] [info] ExtensionService#_doActivateExtension vscode.emmet {"startup":true,"activationEvent":"*"}
[2018-12-07 11:06:15.803] [exthost1] [info] ExtensionService#loadCommonJSModule c:\Users\HoBa\.codemix\engine\resources\app\extensions\emmet\dist\extension
[2018-12-07 11:06:15.877] [exthost1] [info] ExtensionService#_doActivateExtension vscode.merge-conflict {"startup":true,"activationEvent":"*"}
[2018-12-07 11:06:15.877] [exthost1] [info] ExtensionService#loadCommonJSModule c:\Users\HoBa\.codemix\engine\resources\app\extensions\merge-conflict\out\extension
[2018-12-07 11:06:15.908] [exthost1] [info] ExtensionService#_doActivateExtension vscode.search-rg {"startup":true,"activationEvent":"*"}
[2018-12-07 11:06:15.908] [exthost1] [info] ExtensionService#loadCommonJSModule c:\Users\HoBa\.codemix\engine\resources\app\extensions\search-rg\out\extension
[2018-12-07 11:06:15.924] [exthost1] [info] eager extensions activated
[2018-12-07 11:06:15.924] [exthost1] [info] ExtensionService#_doActivateExtension vscode.configuration-editing {"startup":false,"activationEvent":"onLanguage:jsonc"}
[2018-12-07 11:06:15.924] [exthost1] [info] ExtensionService#loadCommonJSModule c:\Users\HoBa\.codemix\engine\resources\app\extensions\configuration-editing\out\extension
[2018-12-07 11:06:15.956] [exthost1] [info] ExtensionService#_doActivateExtension vscode.json-language-features {"startup":false,"activationEvent":"onLanguage:jsonc"}
[2018-12-07 11:06:15.956] [exthost1] [info] ExtensionService#loadCommonJSModule c:\Users\HoBa\.codemix\engine\resources\app\extensions\json-language-features\client\dist\jsonMain
[2018-12-07 11:06:16.301] [exthost1] [info] ExtensionService#_doActivateExtension vscode.typescript-language-features {"startup":false,"activationEvent":"onLanguage:jsonc"}
[2018-12-07 11:06:16.301] [exthost1] [info] ExtensionService#loadCommonJSModule c:\Users\HoBa\.codemix\engine\resources\app\extensions\typescript-language-features\dist\extension
[2018-12-07 11:06:16.739] [exthost1] [info] ExtensionService#_doActivateExtension vscode.grunt {"startup":false,"activationEvent":"onCommand:workbench.action.tasks.runTask"}
[2018-12-07 11:06:16.739] [exthost1] [info] ExtensionService#loadCommonJSModule c:\Users\HoBa\.codemix\engine\resources\app\extensions\grunt\out\main
[2018-12-07 11:06:16.751] [exthost1] [info] ExtensionService#_doActivateExtension vscode.gulp {"startup":false,"activationEvent":"onCommand:workbench.action.tasks.runTask"}
[2018-12-07 11:06:16.751] [exthost1] [info] ExtensionService#loadCommonJSModule c:\Users\HoBa\.codemix\engine\resources\app\extensions\gulp\out\main
[2018-12-07 11:06:16.761] [exthost1] [info] ExtensionService#_doActivateExtension vscode.jake {"startup":false,"activationEvent":"onCommand:workbench.action.tasks.runTask"}
[2018-12-07 11:06:16.761] [exthost1] [info] ExtensionService#loadCommonJSModule c:\Users\HoBa\.codemix\engine\resources\app\extensions\jake\out\main
[2018-12-07 11:06:16.772] [exthost1] [info] ExtensionService#_doActivateExtension vscode.npm {"startup":false,"activationEvent":"onCommand:workbench.action.tasks.runTask"}
[2018-12-07 11:06:16.772] [exthost1] [info] ExtensionService#loadCommonJSModule c:\Users\HoBa\.codemix\engine\resources\app\extensions\npm\out\main
